<?xml version="1.0" encoding="UTF-8"?>
<testsuite xmlns:xsi="http://www.w3.org/2001/XMLSchema-instance" xsi:noNamespaceSchemaLocation="https://maven.apache.org/surefire/maven-surefire-plugin/xsd/surefire-test-report-3.0.xsd" version="3.0" name="com.reqlint.sandbox.cucumber.CucumberIntegrationTest" time="0.964" tests="5" errors="0" skipped="0" failures="1">
  <properties>
[...]
</properties>
  <testcase name="@TC_101 Upon first connection, a customer has his full token capacity available" classname="The bit bucket works" time="0.805">
    <system-out><![CDATA[
  .   ____          _            __ _ _
 /\\ / ___'_ __ _ _(_)_ __  __ _ \ \ \ \
( ( )\___ | '_ | '_| | '_ \/ _` | \ \ \ \
 \\/  ___)| |_)| | | | | || (_| |  ) ) ) )
  '  |____| .__|_| |_|_| |_\__, | / / / /
 =========|_|==============|___/=/_/_/_/

 :: Spring Boot ::                (v3.5.0)

2026-07-28T13:08:46.851Z  INFO 11424 --- [           main] c.r.s.cucumber.CucumberSpringContext     : Starting CucumberSpringContext using Java 24.0.1 with PID 11424 (started by GONETJD in D:\dev\java\reqlint\sandbox)
2026-07-28T13:08:46.852Z  INFO 11424 --- [           main] c.r.s.cucumber.CucumberSpringContext     : No active profile set, falling back to 1 default profile: "default"
2026-07-28T13:08:46.973Z  INFO 11424 --- [           main] c.r.s.cucumber.CucumberSpringContext     : Started CucumberSpringContext in 0.28 seconds (process running for 0.854)
2026-07-28T13:08:47.351Z  INFO 11424 --- [           main] c.r.sandbox.cucumber.steps.ReqlintSteps  : # Prepare bitbucket.feature - @TC_101 Upon first connection, a customer has his full token capacity available
2026-07-28T13:08:47.353Z  INFO 11424 --- [           main] c.r.sandbox.cucumber.steps.ReqlintSteps  : ## Step 1 - Customer service has the following customers
2026-07-28T13:08:47.356Z  INFO 11424 --- [           main] c.r.sandbox.cucumber.steps.ReqlintSteps  : ## Step 2 - Now is 13:00
2026-07-28T13:08:47.358Z  INFO 11424 --- [           main] c.r.sandbox.cucumber.steps.ReqlintSteps  : # Stage 1 - Check token availability of a customer
2026-07-28T13:08:47.358Z  INFO 11424 --- [           main] c.r.sandbox.cucumber.steps.ReqlintSteps  : ## Step 4 - Customer "CUST_A" has the following token availability
2026-07-28T13:08:47.366Z  INFO 11424 --- [           main] c.r.s.cucumber.steps.TokenBucketSteps    : 
| CUSTOMER_ID | TOKEN_CAPACITY | REFILL_RATE | GRANTED_TOKENS | AVAILABLE_TOKENS | RESET_TIME | TIME_STAMP   |
|-------------|----------------|-------------|----------------|------------------|------------|--------------|
| CUST_A      | 10             | 20          | 0              | 10               | ,000       | 13:00:00.000 |

2026-07-28T13:08:47.366Z  INFO 11424 --- [           main] c.r.s.s.t.i.TokenBucketServiceImpl       : Customer CUST_A requests its token availability
2026-07-28T13:08:47.366Z  INFO 11424 --- [           main] c.r.s.s.t.i.TokenBucketServiceImpl       : TokenBucketResponse[customerId=CUST_A, tokenCapacity=10, refillRate=20, grantedTokens=0, availableTokens=10, resetTime=0.000, timeStamp=2026-07-28T13:00]
2026-07-28T13:08:47.388Z  INFO 11424 --- [           main] c.r.s.cucumber.steps.TokenBucketSteps    : Availability is as expected
]]></system-out>
    <system-err><![CDATA[Mockito is currently self-attaching to enable the inline-mock-maker. This will no longer work in future releases of the JDK. Please add Mockito as an agent to your build as described in Mockito's documentation: https://javadoc.io/doc/org.mockito/mockito-core/latest/org.mockito/org/mockito/Mockito.html#0.3
WARNING: A Java agent has been loaded dynamically (C:\Users\gonetjd\.m2\repository\net\bytebuddy\byte-buddy-agent\1.17.5\byte-buddy-agent-1.17.5.jar)
WARNING: If a serviceability tool is in use, please run with -XX:+EnableDynamicAgentLoading to hide this warning
WARNING: If a serviceability tool is not in use, please run with -Djdk.instrument.traceUsage for more information
WARNING: Dynamic loading of agents will be disallowed by default in a future release
]]></system-err>
  </testcase>
  <testcase name="@TC_102 Each customer has its own bucket" classname="The bit bucket works" time="0.014">
    <failure message="&#10;expected: TokenBucketResponse[customerId=CUST_B, tokenCapacity=20, refillRate=10, grantedTokens=0, availableTokens=20, resetTime=0.000, timeStamp=2026-07-28T13:00]&#10; but was: TokenBucketResponse[customerId=CUST_B, tokenCapacity=20, refillRate=20, grantedTokens=0, availableTokens=20, resetTime=0.000, timeStamp=2026-07-28T13:00]" type="org.opentest4j.AssertionFailedError"><![CDATA[org.opentest4j.AssertionFailedError: 

expected: TokenBucketResponse[customerId=CUST_B, tokenCapacity=20, refillRate=10, grantedTokens=0, availableTokens=20, resetTime=0.000, timeStamp=2026-07-28T13:00]
 but was: TokenBucketResponse[customerId=CUST_B, tokenCapacity=20, refillRate=20, grantedTokens=0, availableTokens=20, resetTime=0.000, timeStamp=2026-07-28T13:00]
	at com.reqlint.sandbox.cucumber.steps.TokenBucketSteps.customer_has_the_following_availability(TokenBucketSteps.java:77)
	at ✽.Customer "CUST_B" has the following token availability(classpath:features/bitbucket.feature:27)
]]></failure>
    <system-out><![CDATA[2026-07-28T13:08:47.400Z  INFO 11424 --- [           main] c.r.sandbox.cucumber.steps.ReqlintSteps  : # Prepare bitbucket.feature - @TC_102 Each customer has its own bucket
2026-07-28T13:08:47.400Z  INFO 11424 --- [           main] c.r.sandbox.cucumber.steps.ReqlintSteps  : ## Step 1 - Customer service has the following customers
2026-07-28T13:08:47.400Z  INFO 11424 --- [           main] c.r.sandbox.cucumber.steps.ReqlintSteps  : ## Step 2 - Now is 13:00
2026-07-28T13:08:47.401Z  INFO 11424 --- [           main] c.r.sandbox.cucumber.steps.ReqlintSteps  : # Stage 1 - Obtain the bucket capacity of one customer
2026-07-28T13:08:47.401Z  INFO 11424 --- [           main] c.r.sandbox.cucumber.steps.ReqlintSteps  : ## Step 4 - Customer "CUST_A" has the following token availability
2026-07-28T13:08:47.401Z  INFO 11424 --- [           main] c.r.s.cucumber.steps.TokenBucketSteps    : 
| CUSTOMER_ID | TOKEN_CAPACITY | REFILL_RATE | GRANTED_TOKENS | AVAILABLE_TOKENS | RESET_TIME | TIME_STAMP   |
|-------------|----------------|-------------|----------------|------------------|------------|--------------|
| CUST_A      | 10             | 20          | 0              | 10               | ,000       | 13:00:00.000 |

2026-07-28T13:08:47.401Z  INFO 11424 --- [           main] c.r.s.s.t.i.TokenBucketServiceImpl       : Customer CUST_A requests its token availability
2026-07-28T13:08:47.401Z  INFO 11424 --- [           main] c.r.s.s.t.i.TokenBucketServiceImpl       : TokenBucketResponse[customerId=CUST_A, tokenCapacity=10, refillRate=20, grantedTokens=0, availableTokens=10, resetTime=0.000, timeStamp=2026-07-28T13:00]
2026-07-28T13:08:47.401Z  INFO 11424 --- [           main] c.r.s.cucumber.steps.TokenBucketSteps    : Availability is as expected
2026-07-28T13:08:47.401Z  INFO 11424 --- [           main] c.r.sandbox.cucumber.steps.ReqlintSteps  : # Stage 2 - Compare the bucket capacity of a different customer
2026-07-28T13:08:47.401Z  INFO 11424 --- [           main] c.r.sandbox.cucumber.steps.ReqlintSteps  : ## Step 6 - Customer "CUST_B" has the following token availability
2026-07-28T13:08:47.402Z  INFO 11424 --- [           main] c.r.s.cucumber.steps.TokenBucketSteps    : 
| CUSTOMER_ID | TOKEN_CAPACITY | REFILL_RATE | GRANTED_TOKENS | AVAILABLE_TOKENS | RESET_TIME | TIME_STAMP   |
|-------------|----------------|-------------|----------------|------------------|------------|--------------|
| CUST_B      | 20             | 20          | 0              | 20               | ,000       | 13:00:00.000 |

2026-07-28T13:08:47.402Z  INFO 11424 --- [           main] c.r.s.s.t.i.TokenBucketServiceImpl       : Customer CUST_B requests its token availability
2026-07-28T13:08:47.402Z  INFO 11424 --- [           main] c.r.s.s.t.i.TokenBucketServiceImpl       : TokenBucketResponse[customerId=CUST_B, tokenCapacity=20, refillRate=10, grantedTokens=0, availableTokens=20, resetTime=0.000, timeStamp=2026-07-28T13:00]
2026-07-28T13:08:47.404Z ERROR 11424 --- [           main] c.r.s.cucumber.steps.TokenBucketSteps    : Actual availability is: 
| CUSTOMER_ID | TOKEN_CAPACITY | REFILL_RATE | GRANTED_TOKENS | AVAILABLE_TOKENS | RESET_TIME | TIME_STAMP   |
|-------------|----------------|-------------|----------------|------------------|------------|--------------|
| CUST_B      | 20             | 10          | 0              | 20               | ,000       | 13:00:00.000 |

]]></system-out>
  </testcase>
  <testcase name="@TC_201 Bucket gets replenished as time passes" classname="The bit bucket works" time="0.017">
    <system-out><![CDATA[2026-07-28T13:08:47.421Z  INFO 11424 --- [           main] c.r.sandbox.cucumber.steps.ReqlintSteps  : # Prepare bitbucket.feature - @TC_201 Bucket gets replenished as time passes
2026-07-28T13:08:47.421Z  INFO 11424 --- [           main] c.r.sandbox.cucumber.steps.ReqlintSteps  : ## Step 1 - Customer service has the following customers
2026-07-28T13:08:47.422Z  INFO 11424 --- [           main] c.r.sandbox.cucumber.steps.ReqlintSteps  : ## Step 2 - Now is 13:00
2026-07-28T13:08:47.422Z  INFO 11424 --- [           main] c.r.sandbox.cucumber.steps.ReqlintSteps  : # Stage 1 - Consume some tokens.
2026-07-28T13:08:47.422Z  INFO 11424 --- [           main] c.r.sandbox.cucumber.steps.ReqlintSteps  : ## Step 4 - Customer "CUST_A" succeeds in consuming 8 tokens with response
2026-07-28T13:08:47.423Z  INFO 11424 --- [           main] c.r.s.cucumber.steps.TokenBucketSteps    : Expect following response: 
| CUSTOMER_ID | TOKEN_CAPACITY | REFILL_RATE | GRANTED_TOKENS | AVAILABLE_TOKENS | RESET_TIME | TIME_STAMP   |
|-------------|----------------|-------------|----------------|------------------|------------|--------------|
| CUST_A      | 10             | 20          | 8              | 2                | ,400       | 13:00:00.000 |

2026-07-28T13:08:47.423Z  INFO 11424 --- [           main] c.r.s.s.t.i.TokenBucketServiceImpl       : Customer CUST_A requests to consume 8 tokens
2026-07-28T13:08:47.424Z  INFO 11424 --- [           main] c.r.s.s.t.i.TokenBucketServiceImpl       : Customer receives requested tokens: TokenBucketResponse[customerId=CUST_A, tokenCapacity=10, refillRate=20, grantedTokens=8, availableTokens=2, resetTime=0.400, timeStamp=2026-07-28T13:00]
2026-07-28T13:08:47.424Z  INFO 11424 --- [           main] c.r.s.cucumber.steps.TokenBucketSteps    : Response is as expected
2026-07-28T13:08:47.424Z  INFO 11424 --- [           main] c.r.sandbox.cucumber.steps.ReqlintSteps  : # Stage 2 - Verify that token availability increased according to replenishment rate
2026-07-28T13:08:47.424Z  INFO 11424 --- [           main] c.r.sandbox.cucumber.steps.ReqlintSteps  : ## Step 6 - Now is 13:00:00.200
2026-07-28T13:08:47.424Z  INFO 11424 --- [           main] c.r.sandbox.cucumber.steps.ReqlintSteps  : ## Step 7 - Customer "CUST_A" has the following token availability
2026-07-28T13:08:47.424Z  INFO 11424 --- [           main] c.r.s.cucumber.steps.TokenBucketSteps    : 
| CUSTOMER_ID | TOKEN_CAPACITY | REFILL_RATE | GRANTED_TOKENS | AVAILABLE_TOKENS | RESET_TIME | TIME_STAMP   |
|-------------|----------------|-------------|----------------|------------------|------------|--------------|
| CUST_A      | 10             | 20          | 0              | 6                | ,200       | 13:00:00.200 |

2026-07-28T13:08:47.424Z  INFO 11424 --- [           main] c.r.s.s.t.i.TokenBucketServiceImpl       : Customer CUST_A requests its token availability
2026-07-28T13:08:47.424Z  INFO 11424 --- [           main] c.r.s.s.t.i.TokenBucketServiceImpl       : TokenBucketResponse[customerId=CUST_A, tokenCapacity=10, refillRate=20, grantedTokens=0, availableTokens=6, resetTime=0.200, timeStamp=2026-07-28T13:00:00.200]
2026-07-28T13:08:47.424Z  INFO 11424 --- [           main] c.r.s.cucumber.steps.TokenBucketSteps    : Availability is as expected
2026-07-28T13:08:47.425Z  INFO 11424 --- [           main] c.r.sandbox.cucumber.steps.ReqlintSteps  : ## Step 8 - Now is 13:00:00.300
2026-07-28T13:08:47.425Z  INFO 11424 --- [           main] c.r.sandbox.cucumber.steps.ReqlintSteps  : ## Step 9 - Customer "CUST_A" has the following token availability
2026-07-28T13:08:47.425Z  INFO 11424 --- [           main] c.r.s.cucumber.steps.TokenBucketSteps    : 
| CUSTOMER_ID | TOKEN_CAPACITY | REFILL_RATE | GRANTED_TOKENS | AVAILABLE_TOKENS | RESET_TIME | TIME_STAMP   |
|-------------|----------------|-------------|----------------|------------------|------------|--------------|
| CUST_A      | 10             | 20          | 0              | 8                | ,100       | 13:00:00.300 |

2026-07-28T13:08:47.425Z  INFO 11424 --- [           main] c.r.s.s.t.i.TokenBucketServiceImpl       : Customer CUST_A requests its token availability
2026-07-28T13:08:47.425Z  INFO 11424 --- [           main] c.r.s.s.t.i.TokenBucketServiceImpl       : TokenBucketResponse[customerId=CUST_A, tokenCapacity=10, refillRate=20, grantedTokens=0, availableTokens=8, resetTime=0.100, timeStamp=2026-07-28T13:00:00.300]
2026-07-28T13:08:47.425Z  INFO 11424 --- [           main] c.r.s.cucumber.steps.TokenBucketSteps    : Availability is as expected
2026-07-28T13:08:47.425Z  INFO 11424 --- [           main] c.r.sandbox.cucumber.steps.ReqlintSteps  : ## Step 10 - Now is 13:00:00.400
2026-07-28T13:08:47.425Z  INFO 11424 --- [           main] c.r.sandbox.cucumber.steps.ReqlintSteps  : ## Step 11 - Customer "CUST_A" has the following token availability
2026-07-28T13:08:47.425Z  INFO 11424 --- [           main] c.r.s.cucumber.steps.TokenBucketSteps    : 
| CUSTOMER_ID | TOKEN_CAPACITY | REFILL_RATE | GRANTED_TOKENS | AVAILABLE_TOKENS | RESET_TIME | TIME_STAMP   |
|-------------|----------------|-------------|----------------|------------------|------------|--------------|
| CUST_A      | 10             | 20          | 0              | 10               | ,000       | 13:00:00.400 |

2026-07-28T13:08:47.426Z  INFO 11424 --- [           main] c.r.s.s.t.i.TokenBucketServiceImpl       : Customer CUST_A requests its token availability
2026-07-28T13:08:47.426Z  INFO 11424 --- [           main] c.r.s.s.t.i.TokenBucketServiceImpl       : TokenBucketResponse[customerId=CUST_A, tokenCapacity=10, refillRate=20, grantedTokens=0, availableTokens=10, resetTime=0.000, timeStamp=2026-07-28T13:00:00.400]
2026-07-28T13:08:47.426Z  INFO 11424 --- [           main] c.r.s.cucumber.steps.TokenBucketSteps    : Availability is as expected
]]></system-out>
  </testcase>
  <testcase name="@TC_202 Bucket does not get replenished beyond capacity" classname="The bit bucket works" time="0.005">
    <system-out><![CDATA[2026-07-28T13:08:47.430Z  INFO 11424 --- [           main] c.r.sandbox.cucumber.steps.ReqlintSteps  : # Prepare bitbucket.feature - @TC_202 Bucket does not get replenished beyond capacity
2026-07-28T13:08:47.430Z  INFO 11424 --- [           main] c.r.sandbox.cucumber.steps.ReqlintSteps  : ## Step 1 - Customer service has the following customers
2026-07-28T13:08:47.430Z  INFO 11424 --- [           main] c.r.sandbox.cucumber.steps.ReqlintSteps  : ## Step 2 - Now is 13:00
2026-07-28T13:08:47.431Z  INFO 11424 --- [           main] c.r.sandbox.cucumber.steps.ReqlintSteps  : # Stage 1 - Consume some tokens.
2026-07-28T13:08:47.431Z  INFO 11424 --- [           main] c.r.sandbox.cucumber.steps.ReqlintSteps  : ## Step 4 - Customer "CUST_A" succeeds in consuming 8 tokens with response
2026-07-28T13:08:47.431Z  INFO 11424 --- [           main] c.r.s.cucumber.steps.TokenBucketSteps    : Expect following response: 
| CUSTOMER_ID | TOKEN_CAPACITY | REFILL_RATE | GRANTED_TOKENS | AVAILABLE_TOKENS | RESET_TIME | TIME_STAMP   |
|-------------|----------------|-------------|----------------|------------------|------------|--------------|
| CUST_A      | 10             | 20          | 8              | 2                | ,400       | 13:00:00.000 |

2026-07-28T13:08:47.431Z  INFO 11424 --- [           main] c.r.s.s.t.i.TokenBucketServiceImpl       : Customer CUST_A requests to consume 8 tokens
2026-07-28T13:08:47.431Z  INFO 11424 --- [           main] c.r.s.s.t.i.TokenBucketServiceImpl       : Customer receives requested tokens: TokenBucketResponse[customerId=CUST_A, tokenCapacity=10, refillRate=20, grantedTokens=8, availableTokens=2, resetTime=0.400, timeStamp=2026-07-28T13:00]
2026-07-28T13:08:47.431Z  INFO 11424 --- [           main] c.r.s.cucumber.steps.TokenBucketSteps    : Response is as expected
2026-07-28T13:08:47.431Z  INFO 11424 --- [           main] c.r.sandbox.cucumber.steps.ReqlintSteps  : # Stage 2 - Wait for a full minute before checking availability
2026-07-28T13:08:47.431Z  INFO 11424 --- [           main] c.r.sandbox.cucumber.steps.ReqlintSteps  : ## Step 6 - Now is 13:01
2026-07-28T13:08:47.431Z  INFO 11424 --- [           main] c.r.sandbox.cucumber.steps.ReqlintSteps  : ## Step 7 - Customer "CUST_A" has the following token availability
2026-07-28T13:08:47.431Z  INFO 11424 --- [           main] c.r.s.cucumber.steps.TokenBucketSteps    : 
| CUSTOMER_ID | TOKEN_CAPACITY | REFILL_RATE | GRANTED_TOKENS | AVAILABLE_TOKENS | RESET_TIME | TIME_STAMP   |
|-------------|----------------|-------------|----------------|------------------|------------|--------------|
| CUST_A      | 10             | 20          | 0              | 10               | ,000       | 13:01:00.000 |

2026-07-28T13:08:47.432Z  INFO 11424 --- [           main] c.r.s.s.t.i.TokenBucketServiceImpl       : Customer CUST_A requests its token availability
2026-07-28T13:08:47.432Z  INFO 11424 --- [           main] c.r.s.s.t.i.TokenBucketServiceImpl       : TokenBucketResponse[customerId=CUST_A, tokenCapacity=10, refillRate=20, grantedTokens=0, availableTokens=10, resetTime=0.000, timeStamp=2026-07-28T13:01]
2026-07-28T13:08:47.432Z  INFO 11424 --- [           main] c.r.s.cucumber.steps.TokenBucketSteps    : Availability is as expected
]]></system-out>
  </testcase>
  <testcase name="@TC_301 Cannot consume from an empty bucket" classname="The bit bucket works" time="0.019">
    <system-out><![CDATA[2026-07-28T13:08:47.435Z  INFO 11424 --- [           main] c.r.sandbox.cucumber.steps.ReqlintSteps  : # Prepare bitbucket.feature - @TC_301 Cannot consume from an empty bucket
2026-07-28T13:08:47.435Z  INFO 11424 --- [           main] c.r.sandbox.cucumber.steps.ReqlintSteps  : ## Step 1 - Customer service has the following customers
2026-07-28T13:08:47.436Z  INFO 11424 --- [           main] c.r.sandbox.cucumber.steps.ReqlintSteps  : ## Step 2 - Now is 13:00
2026-07-28T13:08:47.436Z  INFO 11424 --- [           main] c.r.sandbox.cucumber.steps.ReqlintSteps  : # Stage 1 - Can consume some tokens.
2026-07-28T13:08:47.436Z  INFO 11424 --- [           main] c.r.sandbox.cucumber.steps.ReqlintSteps  : ## Step 4 - Customer "CUST_A" succeeds in consuming 8 tokens with response
2026-07-28T13:08:47.436Z  INFO 11424 --- [           main] c.r.s.cucumber.steps.TokenBucketSteps    : Expect following response: 
| CUSTOMER_ID | TOKEN_CAPACITY | REFILL_RATE | GRANTED_TOKENS | AVAILABLE_TOKENS | RESET_TIME | TIME_STAMP   |
|-------------|----------------|-------------|----------------|------------------|------------|--------------|
| CUST_A      | 10             | 20          | 8              | 2                | ,400       | 13:00:00.000 |

2026-07-28T13:08:47.436Z  INFO 11424 --- [           main] c.r.s.s.t.i.TokenBucketServiceImpl       : Customer CUST_A requests to consume 8 tokens
2026-07-28T13:08:47.436Z  INFO 11424 --- [           main] c.r.s.s.t.i.TokenBucketServiceImpl       : Customer receives requested tokens: TokenBucketResponse[customerId=CUST_A, tokenCapacity=10, refillRate=20, grantedTokens=8, availableTokens=2, resetTime=0.400, timeStamp=2026-07-28T13:00]
2026-07-28T13:08:47.436Z  INFO 11424 --- [           main] c.r.s.cucumber.steps.TokenBucketSteps    : Response is as expected
2026-07-28T13:08:47.436Z  INFO 11424 --- [           main] c.r.sandbox.cucumber.steps.ReqlintSteps  : ## Step 5 - Customer "CUST_A" succeeds in consuming 2 tokens with response
2026-07-28T13:08:47.436Z  INFO 11424 --- [           main] c.r.s.cucumber.steps.TokenBucketSteps    : Expect following response: 
| CUSTOMER_ID | TOKEN_CAPACITY | REFILL_RATE | GRANTED_TOKENS | AVAILABLE_TOKENS | RESET_TIME | TIME_STAMP   |
|-------------|----------------|-------------|----------------|------------------|------------|--------------|
| CUST_A      | 10             | 20          | 2              | 0                | ,500       | 13:00:00.000 |

2026-07-28T13:08:47.436Z  INFO 11424 --- [           main] c.r.s.s.t.i.TokenBucketServiceImpl       : Customer CUST_A requests to consume 2 tokens
2026-07-28T13:08:47.436Z  INFO 11424 --- [           main] c.r.s.s.t.i.TokenBucketServiceImpl       : Customer receives requested tokens: TokenBucketResponse[customerId=CUST_A, tokenCapacity=10, refillRate=20, grantedTokens=2, availableTokens=0, resetTime=0.500, timeStamp=2026-07-28T13:00]
2026-07-28T13:08:47.437Z  INFO 11424 --- [           main] c.r.s.cucumber.steps.TokenBucketSteps    : Response is as expected
2026-07-28T13:08:47.437Z  INFO 11424 --- [           main] c.r.sandbox.cucumber.steps.ReqlintSteps  : # Stage 2 - Receives an error when consuming too many tokens
2026-07-28T13:08:47.437Z  INFO 11424 --- [           main] c.r.sandbox.cucumber.steps.ReqlintSteps  : ## Step 7 - Customer "CUST_A" fails to consume 1 tokens with error
2026-07-28T13:08:47.438Z  INFO 11424 --- [           main] c.r.s.cucumber.steps.TokenBucketSteps    : 
| TOKENS_TO_CONSUME | CUSTOMER_ID | TOKEN_CAPACITY | REFILL_RATE | GRANTED_TOKENS | AVAILABLE_TOKENS | RESET_TIME | TIME_STAMP   |
|-------------------|-------------|----------------|-------------|----------------|------------------|------------|--------------|
| 1                 | CUST_A      | 10             | 20          | 0              | 0                | ,500       | 13:00:00.000 |

2026-07-28T13:08:47.438Z  INFO 11424 --- [           main] c.r.s.s.t.i.TokenBucketServiceImpl       : Customer CUST_A requests to consume 1 tokens
2026-07-28T13:08:47.438Z  INFO 11424 --- [           main] c.r.s.s.t.i.TokenBucketServiceImpl       : Customer has not enough available tokens: TokenBucketResponse[customerId=CUST_A, tokenCapacity=10, refillRate=20, grantedTokens=0, availableTokens=0, resetTime=0.500, timeStamp=2026-07-28T13:00]
2026-07-28T13:08:47.438Z  INFO 11424 --- [           main] c.r.s.cucumber.steps.TokenBucketSteps    : Customer was prevented to consume tokens with the following exception:

| TOKENS_TO_CONSUME | CUSTOMER_ID | TOKEN_CAPACITY | REFILL_RATE | GRANTED_TOKENS | AVAILABLE_TOKENS | RESET_TIME | TIME_STAMP   |
|-------------------|-------------|----------------|-------------|----------------|------------------|------------|--------------|
| 1                 | CUST_A      | 10             | 20          | 0              | 0                | ,500       | 13:00:00.000 |

]]></system-out>
  </testcase>
</testsuite>